[2022-06-19T15:34:28.215659+00:00] user.INFO: User name is  {"who":"admin"} []
[2022-06-19T15:34:29.016380+00:00] user.INFO: User name is  {"who":"admin"} []
[2022-06-19T15:34:43.582193+00:00] user.INFO: User name is  {"who":"admin"} []
[2022-06-19T15:34:55.685521+00:00] user.ERROR: no login or passzord! [] []
[2022-06-19T15:35:00.062106+00:00] user.INFO: User name is  {"who":"admin"} []
[2022-06-19T15:46:23.101755+00:00] user.INFO: User name is  {"who":"admin"} []
[2022-06-19T15:46:23.845696+00:00] user.INFO: User name is  {"who":"admin"} []
[2022-06-19T15:46:28.114422+00:00] user.INFO: User name is  {"who":"admin"} []
[2022-06-19T15:49:47.985169+00:00] user.INFO: User name is  {"who":"admin"} []
[2022-06-19T15:50:58.246552+00:00] user.INFO: User name is  {"who":"admin"} []
[2022-06-19T15:51:10.704419+00:00] user.INFO: User name is  {"who":"admin"} []
[2022-06-19T15:51:13.381933+00:00] user.INFO: User name is  {"who":"admin"} []
[2022-06-19T15:51:18.032044+00:00] user.ERROR: no login or passzord! [] []
[2022-06-19T15:51:19.579614+00:00] user.ERROR: no login or passzord! [] []
[2022-06-19T15:51:23.671272+00:00] user.INFO: User name is  {"who":"admin"} []
[2022-06-19T16:12:03.791961+00:00] user.INFO: User name is  {"who":"admin"} []
[2022-06-19T16:28:07.283730+00:00] user.ERROR: no login or passzord! [] []
[2022-06-19T16:28:11.261378+00:00] user.INFO: User name is  {"who":"admin"} []
[2022-06-19T16:28:42.476130+00:00] user.INFO: User name is  {"who":"admin"} []
[2022-06-19T16:29:13.812740+00:00] user.INFO: User name is  {"who":"admin"} []
[2022-06-19T16:30:43.629601+00:00] user.INFO: User name is  {"who":"admin"} []
[2022-06-19T16:30:53.190262+00:00] user.INFO: User name is  {"who":"admin"} []
[2022-06-21T11:48:13.000959+00:00] user.INFO: User name is  {"who":"admin"} []
[2022-06-21T11:48:19.716837+00:00] action.INFO: New message {"user":"admin","send":"proverka ya daun"} []
[2022-06-22T07:24:29.608365+00:00] user.INFO: User name is  {"who":"admin"} []
[2022-06-22T07:24:37.481632+00:00] user.INFO: User name is  {"who":"admin"} []
[2022-06-22T07:24:50.488020+00:00] action.INFO: New message {"user":"admin","send":"фефу топ"} []
[2022-06-22T07:24:55.071177+00:00] user.INFO: User name is  {"who":"admin"} []
[2022-06-22T07:24:56.459142+00:00] action.INFO: New message {"user":"admin","send":""} []
[2022-06-22T07:24:56.459496+00:00] user.INFO: Chat is cleared [] []
[2022-06-22T07:30:25.618496+00:00] user.INFO: User name is  {"who":"admin"} []
